----------------------------------------------------------------
Tue Apr 20 00:11:12 IST 2021:
Booting Derby version The Apache Software Foundation - Apache Derby - 10.14.2.0 - (1828579): instance a816c00e-0178-eb6f-bd14-000008b508a8 
on database directory memory:H:\logical coding\Order\02457b98-ac8a-4083-8add-e0f9e91e0a12 with class loader sun.misc.Launcher$AppClassLoader@18b4aac2 
Loaded from file:/C:/Users/Altap/.m2/repository/org/apache/derby/derby/10.14.2.0/derby-10.14.2.0.jar
java.vendor=Oracle Corporation
java.runtime.version=1.8.0_144-b01
user.dir=H:\logical coding\Order
os.name=Windows 10
os.arch=amd64
os.version=10.0
derby.system.home=null
Database Class Loader started - derby.database.classpath=''
----------------------------------------------------------------
Tue Apr 20 00:21:37 IST 2021:
Shutting down instance a816c00e-0178-eb6f-bd14-000008b508a8 on database directory memory:H:\logical coding\Order\02457b98-ac8a-4083-8add-e0f9e91e0a12 with class loader sun.misc.Launcher$AppClassLoader@18b4aac2 
----------------------------------------------------------------
Tue Apr 20 00:21:38 IST 2021:
Booting Derby version The Apache Software Foundation - Apache Derby - 10.14.2.0 - (1828579): instance 1a6500e9-0178-eb6f-bd14-000008b508a8 
on database directory memory:H:\logical coding\Order\6b2756d9-19d3-46a4-a29e-4bde7db76cf3 with class loader sun.misc.Launcher$AppClassLoader@18b4aac2 
Loaded from file:/C:/Users/Altap/.m2/repository/org/apache/derby/derby/10.14.2.0/derby-10.14.2.0.jar
java.vendor=Oracle Corporation
java.runtime.version=1.8.0_144-b01
user.dir=H:\logical coding\Order
os.name=Windows 10
os.arch=amd64
os.version=10.0
derby.system.home=null
Database Class Loader started - derby.database.classpath=''
